<?xml version="1.0" encoding="UTF-8"?>
<testng-results ignored="0" total="2" passed="2" failed="0" skipped="0">
  <reporter-output>
  </reporter-output>
  <suite started-at="2023-06-06T15:25:53 IST" name="Suite" finished-at="2023-06-06T15:26:05 IST" duration-ms="12455">
    <groups>
    </groups>
    <test started-at="2023-06-06T15:25:53 IST" name="Test" finished-at="2023-06-06T15:26:05 IST" duration-ms="12455">
      <class name="testClass.TestClass2">
        <test-method is-config="true" signature="beforeClass()[pri:0, instance:testClass.TestClass2@d86a6f]" started-at="2023-06-06T15:26:03 IST" name="beforeClass" finished-at="2023-06-06T15:26:03 IST" duration-ms="1" status="PASS">
          <reporter-output>
          </reporter-output>
        </test-method> <!-- beforeClass -->
        <test-method is-config="true" signature="beforeMethod()[pri:0, instance:testClass.TestClass2@d86a6f]" started-at="2023-06-06T15:26:03 IST" name="beforeMethod" finished-at="2023-06-06T15:26:03 IST" duration-ms="1" status="PASS">
          <reporter-output>
          </reporter-output>
        </test-method> <!-- beforeMethod -->
        <test-method signature="test()[pri:0, instance:testClass.TestClass2@d86a6f]" started-at="2023-06-06T15:26:03 IST" name="test" finished-at="2023-06-06T15:26:05 IST" duration-ms="2247" status="PASS">
          <reporter-output>
          </reporter-output>
        </test-method> <!-- test -->
        <test-method is-config="true" signature="afterClass()[pri:0, instance:testClass.TestClass2@d86a6f]" started-at="2023-06-06T15:26:05 IST" name="afterClass" finished-at="2023-06-06T15:26:05 IST" duration-ms="62" status="PASS">
          <reporter-output>
          </reporter-output>
        </test-method> <!-- afterClass -->
        <test-method is-config="true" signature="afterMethod(org.testng.ITestResult)[pri:0, instance:testClass.TestClass2@d86a6f]" started-at="2023-06-06T15:26:05 IST" name="afterMethod" finished-at="2023-06-06T15:26:05 IST" duration-ms="0" status="PASS">
          <params>
            <param index="0">
              <value>
                <![CDATA[[TestResult name=test status=SUCCESS method=TestClass2.test()[pri:0, instance:testClass.TestClass2@d86a6f] output={null}]]]>
              </value>
            </param>
          </params>
          <reporter-output>
          </reporter-output>
        </test-method> <!-- afterMethod -->
      </class> <!-- testClass.TestClass2 -->
      <class name="testClass.TestClass1">
        <test-method is-config="true" signature="beforeClass()[pri:0, instance:testClass.TestClass1@368247b9]" started-at="2023-06-06T15:25:53 IST" name="beforeClass" finished-at="2023-06-06T15:26:00 IST" duration-ms="7646" status="PASS">
          <reporter-output>
          </reporter-output>
        </test-method> <!-- beforeClass -->
        <test-method is-config="true" signature="beforeMethod()[pri:0, instance:testClass.TestClass1@368247b9]" started-at="2023-06-06T15:26:00 IST" name="beforeMethod" finished-at="2023-06-06T15:26:00 IST" duration-ms="29" status="PASS">
          <reporter-output>
          </reporter-output>
        </test-method> <!-- beforeMethod -->
        <test-method signature="test1()[pri:0, instance:testClass.TestClass1@368247b9]" started-at="2023-06-06T15:26:00 IST" name="test1" finished-at="2023-06-06T15:26:02 IST" duration-ms="2052" status="PASS">
          <reporter-output>
          </reporter-output>
        </test-method> <!-- test1 -->
        <test-method is-config="true" signature="afterMethod(org.testng.ITestResult)[pri:0, instance:testClass.TestClass1@368247b9]" started-at="2023-06-06T15:26:02 IST" name="afterMethod" finished-at="2023-06-06T15:26:02 IST" duration-ms="12" status="PASS">
          <params>
            <param index="0">
              <value>
                <![CDATA[[TestResult name=test1 status=SUCCESS method=TestClass1.test1()[pri:0, instance:testClass.TestClass1@368247b9] output={null}]]]>
              </value>
            </param>
          </params>
          <reporter-output>
          </reporter-output>
        </test-method> <!-- afterMethod -->
        <test-method is-config="true" signature="afterClass()[pri:0, instance:testClass.TestClass1@368247b9]" started-at="2023-06-06T15:26:02 IST" name="afterClass" finished-at="2023-06-06T15:26:03 IST" duration-ms="330" status="PASS">
          <reporter-output>
          </reporter-output>
        </test-method> <!-- afterClass -->
      </class> <!-- testClass.TestClass1 -->
    </test> <!-- Test -->
  </suite> <!-- Suite -->
</testng-results>
